2013-01-23T22:31:38-08:00  [200]  200 - OK https://api.instagram.com/v1/locations/3143441?client_id=5d0849d43684434283b40dcdacadd747
2013-01-23T22:31:38-08:00  [200]  200 - OK https://api.instagram.com/v1/locations/3143441/media/recent?count=10&client_id=5d0849d43684434283b40dcdacadd747
2013-01-23T22:31:39-08:00  [200]  200 - OK https://api.instagram.com/v1/locations/search?count=10&foursquare_v2_id=4e239487d4c0d32591045a8e&client_id=5d0849d43684434283b40dcdacadd747
2013-01-23T22:31:39-08:00  [200]  200 - OK https://api.instagram.com/v1/locations/search?lat=37.78776&lng=-122.489556&client_id=5d0849d43684434283b40dcdacadd747
2013-01-23T22:31:40-08:00  [200]  200 - OK https://api.instagram.com/v1/media/popular?count=5&client_id=5d0849d43684434283b40dcdacadd747
2013-01-23T22:31:40-08:00  [200]  200 - OK https://api.instagram.com/v1/media/374555737806667434_5830?client_id=5d0849d43684434283b40dcdacadd747
2013-01-23T22:31:42-08:00  [200]  200 - OK https://api.instagram.com/v1/media/search?count=10&distance=5000&lat=37.78776&lng=-122.489556&client_id=5d0849d43684434283b40dcdacadd747
2013-01-23T22:31:43-08:00  [200]  200 - OK https://api.instagram.com/v1/media/374555737806667434_5830/likes
2013-01-23T22:31:43-08:00  [200]  200 - OK https://api.instagram.com/v1/media/374555737806667434_5830?access_token=5830.7cb6ed7.85172158248642e2a7c613887b5b2170
2013-01-23T22:31:43-08:00  [200]  200 - OK https://api.instagram.com/v1/media/374555737806667434_5830/likes?client_id=5d0849d43684434283b40dcdacadd747
2013-01-23T22:31:44-08:00  [200]  200 - OK https://api.instagram.com/v1/media/374555737806667434_5830/likes?access_token=5830.7cb6ed7.85172158248642e2a7c613887b5b2170
2013-01-23T22:31:44-08:00  [200]  200 - OK https://api.instagram.com/v1/media/374555737806667434_5830?access_token=5830.7cb6ed7.85172158248642e2a7c613887b5b2170
2013-01-23T22:31:45-08:00  [200]  200 - OK https://api.instagram.com/v1/media/374555737806667434_5830/comments
2013-01-23T22:31:46-08:00  [200]  200 - OK https://api.instagram.com/v1/media/374555737806667434_5830/comments?client_id=5d0849d43684434283b40dcdacadd747
2013-01-23T22:31:46-08:00  [200]  200 - OK https://api.instagram.com/v1/media/374555737806667434_5830/comments/375717975401758122?access_token=5830.7cb6ed7.85172158248642e2a7c613887b5b2170
2013-01-23T22:31:47-08:00  [200]  200 - OK https://api.instagram.com/v1/tags/test?client_id=5d0849d43684434283b40dcdacadd747
2013-01-23T22:31:48-08:00  [200]  200 - OK https://api.instagram.com/v1/tags/test/media/recent?count=5&client_id=5d0849d43684434283b40dcdacadd747
2013-01-23T22:31:48-08:00  [200]  200 - OK https://api.instagram.com/v1/tags/search?count=10&q=insta&client_id=5d0849d43684434283b40dcdacadd747
2013-01-23T22:31:49-08:00  [200]  200 - OK https://api.instagram.com/v1/tags/search?count=10&q=test&client_id=5d0849d43684434283b40dcdacadd747
2013-01-23T22:31:49-08:00  [200]  200 - OK https://api.instagram.com/v1/tags/search?count=10&q=insta&client_id=5d0849d43684434283b40dcdacadd747
2013-01-23T22:31:49-08:00  [200]  200 - OK https://api.instagram.com/v1/tags/search?count=10&q=test&client_id=5d0849d43684434283b40dcdacadd747
2013-01-23T22:31:50-08:00  [200]  200 - OK https://api.instagram.com/v1/tags/search?count=10&q=insta&client_id=5d0849d43684434283b40dcdacadd747
2013-01-23T22:31:50-08:00  [200]  200 - OK https://api.instagram.com/v1/users/search?count=100&q=sesser&client_id=5d0849d43684434283b40dcdacadd747
2013-01-23T22:31:51-08:00  [200]  200 - OK https://api.instagram.com/v1/users/5830?client_id=5d0849d43684434283b40dcdacadd747
2013-01-23T22:31:51-08:00  [200]  200 - OK https://api.instagram.com/v1/users/self/feed?count=5&access_token=5830.7cb6ed7.85172158248642e2a7c613887b5b2170
2013-01-23T22:31:52-08:00  [200]  200 - OK https://api.instagram.com/v1/users/5830/media/recent?count=5&access_token=5830.7cb6ed7.85172158248642e2a7c613887b5b2170
2013-01-23T22:31:52-08:00  [200]  200 - OK https://api.instagram.com/v1/users/self/media/liked?count=1&access_token=5830.7cb6ed7.85172158248642e2a7c613887b5b2170
2013-01-23T22:36:05-08:00  [200]  200 - OK https://api.instagram.com/v1/locations/3143441?client_id=5d0849d43684434283b40dcdacadd747
2013-01-23T22:36:06-08:00  [200]  200 - OK https://api.instagram.com/v1/locations/3143441/media/recent?count=10&client_id=5d0849d43684434283b40dcdacadd747
2013-01-23T22:36:06-08:00  [200]  200 - OK https://api.instagram.com/v1/locations/search?count=10&foursquare_v2_id=4e239487d4c0d32591045a8e&client_id=5d0849d43684434283b40dcdacadd747
2013-01-23T22:36:07-08:00  [200]  200 - OK https://api.instagram.com/v1/locations/search?lat=37.78776&lng=-122.489556&client_id=5d0849d43684434283b40dcdacadd747
2013-01-23T22:36:08-08:00  [200]  200 - OK https://api.instagram.com/v1/media/popular?count=5&client_id=5d0849d43684434283b40dcdacadd747
2013-01-23T22:36:08-08:00  [200]  200 - OK https://api.instagram.com/v1/media/374555737806667434_5830?client_id=5d0849d43684434283b40dcdacadd747
2013-01-23T22:36:09-08:00  [200]  200 - OK https://api.instagram.com/v1/media/search?count=10&distance=5000&lat=37.78776&lng=-122.489556&client_id=5d0849d43684434283b40dcdacadd747
2013-01-23T22:36:10-08:00  [200]  200 - OK https://api.instagram.com/v1/media/374555737806667434_5830/likes
2013-01-23T22:36:10-08:00  [200]  200 - OK https://api.instagram.com/v1/media/374555737806667434_5830?access_token=5830.7cb6ed7.85172158248642e2a7c613887b5b2170
2013-01-23T22:36:12-08:00  [200]  200 - OK https://api.instagram.com/v1/media/374555737806667434_5830/likes?client_id=5d0849d43684434283b40dcdacadd747
2013-01-23T22:36:12-08:00  [200]  200 - OK https://api.instagram.com/v1/media/374555737806667434_5830/likes?access_token=5830.7cb6ed7.85172158248642e2a7c613887b5b2170
2013-01-23T22:36:13-08:00  [200]  200 - OK https://api.instagram.com/v1/media/374555737806667434_5830?access_token=5830.7cb6ed7.85172158248642e2a7c613887b5b2170
2013-01-23T22:36:14-08:00  [200]  200 - OK https://api.instagram.com/v1/media/374555737806667434_5830/comments
2013-01-23T22:36:14-08:00  [200]  200 - OK https://api.instagram.com/v1/media/374555737806667434_5830/comments?client_id=5d0849d43684434283b40dcdacadd747
2013-01-23T22:36:15-08:00  [200]  200 - OK https://api.instagram.com/v1/media/374555737806667434_5830/comments/375720228791582159?access_token=5830.7cb6ed7.85172158248642e2a7c613887b5b2170
2013-01-23T22:36:15-08:00  [200]  200 - OK https://api.instagram.com/v1/tags/test?client_id=5d0849d43684434283b40dcdacadd747
2013-01-23T22:36:15-08:00  [200]  200 - OK https://api.instagram.com/v1/tags/test/media/recent?count=5&client_id=5d0849d43684434283b40dcdacadd747
2013-01-23T22:36:16-08:00  [200]  200 - OK https://api.instagram.com/v1/tags/search?count=10&q=insta&client_id=5d0849d43684434283b40dcdacadd747
2013-01-23T22:36:16-08:00  [200]  200 - OK https://api.instagram.com/v1/tags/search?count=10&q=test&client_id=5d0849d43684434283b40dcdacadd747
2013-01-23T22:36:17-08:00  [200]  200 - OK https://api.instagram.com/v1/tags/search?count=10&q=insta&client_id=5d0849d43684434283b40dcdacadd747
2013-01-23T22:36:18-08:00  [200]  200 - OK https://api.instagram.com/v1/tags/search?count=10&q=test&client_id=5d0849d43684434283b40dcdacadd747
2013-01-23T22:36:18-08:00  [200]  200 - OK https://api.instagram.com/v1/tags/search?count=10&q=insta&client_id=5d0849d43684434283b40dcdacadd747
2013-01-23T22:36:19-08:00  [200]  200 - OK https://api.instagram.com/v1/users/search?count=100&q=sesser&client_id=5d0849d43684434283b40dcdacadd747
2013-01-23T22:36:19-08:00  [200]  200 - OK https://api.instagram.com/v1/users/5830?client_id=5d0849d43684434283b40dcdacadd747
2013-01-23T22:36:20-08:00  [200]  200 - OK https://api.instagram.com/v1/users/self/feed?count=5&access_token=5830.7cb6ed7.85172158248642e2a7c613887b5b2170
2013-01-23T22:36:20-08:00  [200]  200 - OK https://api.instagram.com/v1/users/5830/media/recent?count=5&access_token=5830.7cb6ed7.85172158248642e2a7c613887b5b2170
2013-01-23T22:36:21-08:00  [200]  200 - OK https://api.instagram.com/v1/users/self/media/liked?count=1&access_token=5830.7cb6ed7.85172158248642e2a7c613887b5b2170
